生成启动时间为 2013/3/30 18:50:44。
     1>项目“F:\VS2010code\opencvMFC\opencvMFC\opencvMFC.vcxproj”在节点 2 上(build 个目标)。
     1>InitializeBuildStatus:
         正在对“Debug\opencvMFC.unsuccessfulbuild”执行 Touch 任务。
       ClCompile:
         所有输出均为最新。
         D:\Microsoft Visual Studio 10.0\VC\bin\CL.exe /c /ZI /nologo /W3 /WX- /Od /Oy- /D WIN32 /D _WINDOWS /D _DEBUG /D _MBCS /D _AFXDLL /Gm /EHsc /RTC1 /MDd /GS /fp:precise /Zc:wchar_t /Zc:forScope /Yu"StdAfx.h" /Fp"Debug\opencvMFC.pch" /Fo"Debug\\" /Fd"Debug\vc100.pdb" /Gd /TP /analyze- /errorReport:prompt opencvMFCDlg.cpp
         opencvMFCDlg.cpp
     1>d:\opencv\build\include\opencv2\flann\logger.h(66): warning C4996: 'fopen': This function or variable may be unsafe. Consider using fopen_s instead. To disable deprecation, use _CRT_SECURE_NO_WARNINGS. See online help for details.
                 d:\microsoft visual studio 10.0\vc\include\stdio.h(234) : 参见“fopen”的声明
     1>f:\vs2010code\opencvmfc\opencvmfc\checkface.h(108): warning C4244: “参数”: 从“double”转换到“int”，可能丢失数据
     1>f:\vs2010code\opencvmfc\opencvmfc\checkface.h(108): warning C4244: “参数”: 从“double”转换到“int”，可能丢失数据
     1>f:\vs2010code\opencvmfc\opencvmfc\checkface.h(108): warning C4244: “参数”: 从“double”转换到“int”，可能丢失数据
     1>f:\vs2010code\opencvmfc\opencvmfc\checkface.h(108): warning C4244: “参数”: 从“double”转换到“int”，可能丢失数据
     1>f:\vs2010code\opencvmfc\opencvmfc\checkface.h(109): warning C4244: “参数”: 从“double”转换到“int”，可能丢失数据
     1>f:\vs2010code\opencvmfc\opencvmfc\checkface.h(109): warning C4244: “参数”: 从“double”转换到“int”，可能丢失数据
     1>f:\vs2010code\opencvmfc\opencvmfc\lbp.h(85): warning C4244: “=”: 从“int”转换到“float”，可能丢失数据
     1>f:\vs2010code\opencvmfc\opencvmfc\lbp.h(116): warning C4244: “=”: 从“float”转换到“int”，可能丢失数据
     1>f:\vs2010code\opencvmfc\opencvmfc\lbp.h(148): warning C4244: “初始化”: 从“float”转换到“int”，可能丢失数据
     1>f:\vs2010code\opencvmfc\opencvmfc\pca.h(31): warning C4244: “初始化”: 从“float”转换到“int”，可能丢失数据
     1>f:\vs2010code\opencvmfc\opencvmfc\pca.h(55): warning C4244: “=”: 从“int”转换到“float”，可能丢失数据
       ResourceCompile:
         C:\Program Files\Microsoft SDKs\Windows\v7.0A\bin\rc.exe /D _DEBUG /D _AFXDLL /l"0x0804" /IDebug\ /nologo /fo"Debug\opencvMFC.res" opencvMFC.rc 
       ManifestResourceCompile:
         所有输出均为最新。
       Link:
         D:\Microsoft Visual Studio 10.0\VC\bin\link.exe /ERRORREPORT:PROMPT /OUT:"F:\VS2010code\opencvMFC\Debug\opencvMFC.exe" /INCREMENTAL /NOLOGO opencv_calib3d243d.lib opencv_contrib243d.lib opencv_core243d.lib opencv_features2d243d.lib opencv_flann243d.lib opencv_gpu243d.lib opencv_highgui243d.lib opencv_imgproc243d.lib opencv_legacy243d.lib opencv_ml243d.lib opencv_objdetect243d.lib opencv_ts243d.lib opencv_video243d.lib /MANIFEST /ManifestFile:"Debug\opencvMFC.exe.intermediate.manifest" /MANIFESTUAC:"level='asInvoker' uiAccess='false'" /DEBUG /PDB:"F:\VS2010code\opencvMFC\Debug\opencvMFC.pdb" /SUBSYSTEM:WINDOWS /TLBID:1 /DYNAMICBASE /NXCOMPAT /IMPLIB:"F:\VS2010code\opencvMFC\Debug\opencvMFC.lib" /MACHINE:X86 Debug\opencvMFC.res
         Debug\opencvMFC.exe.embed.manifest.res
         Debug\opencvMFC.obj
         Debug\opencvMFCDlg.obj
         Debug\stdafx.obj
       Manifest:
         C:\Program Files\Microsoft SDKs\Windows\v7.0A\bin\mt.exe /nologo /verbose /out:"Debug\opencvMFC.exe.embed.manifest" /manifest Debug\opencvMFC.exe.intermediate.manifest "D:\Microsoft Visual Studio 10.0\VC\Include\Manifest\dpiaware.manifest"
         所有输出均为最新。
       LinkEmbedManifest:
         所有输出均为最新。
         opencvMFC.vcxproj -> F:\VS2010code\opencvMFC\Debug\opencvMFC.exe
       FinalizeBuildStatus:
         正在删除文件“Debug\opencvMFC.unsuccessfulbuild”。
         正在对“Debug\opencvMFC.lastbuildstate”执行 Touch 任务。
     1>已完成生成项目“F:\VS2010code\opencvMFC\opencvMFC\opencvMFC.vcxproj”(build 个目标)的操作。

生成成功。

已用时间 00:00:03.67
